18.01.17 11:57:33 ERROR [l.Index                       ] 106 - <no segments* file found in MMapDirectory@/home/micha/git/qamel/qamel/index lockFactory=org.apache.lucene.store.NativeFSLockFactory@591f989e: files: [write.lock]>
org.apache.lucene.index.IndexNotFoundException: no segments* file found in MMapDirectory@/home/micha/git/qamel/qamel/index lockFactory=org.apache.lucene.store.NativeFSLockFactory@591f989e: files: [write.lock]
	at org.apache.lucene.index.SegmentInfos$FindSegmentsFile.run(SegmentInfos.java:680)
	at org.apache.lucene.index.StandardDirectoryReader.open(StandardDirectoryReader.java:77)
	at org.apache.lucene.index.DirectoryReader.open(DirectoryReader.java:63)
	at luceneIndex.Index.buildIndex(Index.java:102)
	at luceneIndex.Index.<init>(Index.java:53)
	at luceneIndex.Test.main(Test.java:7)
18.01.17 11:57:33 ERROR [l.Index                       ] 129 - <null -> aBrack bOama>
java.lang.NullPointerException
	at luceneIndex.Index.search(Index.java:121)
	at luceneIndex.Test.main(Test.java:9)
18.01.17 11:58:54 ERROR [l.Index                       ] 106 - </index>
java.nio.file.AccessDeniedException: /index
	at sun.nio.fs.UnixException.translateToIOException(UnixException.java:84)
	at sun.nio.fs.UnixException.rethrowAsIOException(UnixException.java:102)
	at sun.nio.fs.UnixException.rethrowAsIOException(UnixException.java:107)
	at sun.nio.fs.UnixFileSystemProvider.createDirectory(UnixFileSystemProvider.java:384)
	at java.nio.file.Files.createDirectory(Files.java:674)
	at java.nio.file.Files.createAndCheckIsDirectory(Files.java:781)
	at java.nio.file.Files.createDirectories(Files.java:767)
	at org.apache.lucene.store.FSDirectory.<init>(FSDirectory.java:157)
	at org.apache.lucene.store.MMapDirectory.<init>(MMapDirectory.java:158)
	at org.apache.lucene.store.MMapDirectory.<init>(MMapDirectory.java:111)
	at org.apache.lucene.store.FSDirectory.open(FSDirectory.java:197)
	at org.apache.lucene.store.FSDirectory.open(FSDirectory.java:190)
	at luceneIndex.Index.buildIndex(Index.java:72)
	at luceneIndex.Index.<init>(Index.java:53)
	at luceneIndex.Test.main(Test.java:7)
18.01.17 11:58:54 ERROR [l.Index                       ] 129 - <null -> aBrack bOama>
java.lang.NullPointerException
	at luceneIndex.Index.search(Index.java:121)
	at luceneIndex.Test.main(Test.java:9)
18.01.17 15:57:15 ERROR [l.Index                       ] 108 - <no segments* file found in MMapDirectory@/home/micha/git/qamel/queryCorrection/index lockFactory=org.apache.lucene.store.NativeFSLockFactory@591f989e: files: [write.lock]>
org.apache.lucene.index.IndexNotFoundException: no segments* file found in MMapDirectory@/home/micha/git/qamel/queryCorrection/index lockFactory=org.apache.lucene.store.NativeFSLockFactory@591f989e: files: [write.lock]
	at org.apache.lucene.index.SegmentInfos$FindSegmentsFile.run(SegmentInfos.java:680)
	at org.apache.lucene.index.StandardDirectoryReader.open(StandardDirectoryReader.java:77)
	at org.apache.lucene.index.DirectoryReader.open(DirectoryReader.java:63)
	at luceneIndex.Index.buildIndex(Index.java:104)
	at luceneIndex.Index.<init>(Index.java:54)
	at luceneIndex.Test.main(Test.java:7)
18.01.17 15:57:15 ERROR [l.Index                       ] 130 - <null -> aBrak Obama>
java.lang.NullPointerException
	at luceneIndex.Index.search(Index.java:122)
	at luceneIndex.Test.main(Test.java:9)
18.01.17 19:10:00 ERROR [l.Index                       ] 127 - <no segments* file found in MMapDirectory@/home/micha/git/qamel/queryCorrection/index lockFactory=org.apache.lucene.store.NativeFSLockFactory@591f989e: files: [write.lock]>
org.apache.lucene.index.IndexNotFoundException: no segments* file found in MMapDirectory@/home/micha/git/qamel/queryCorrection/index lockFactory=org.apache.lucene.store.NativeFSLockFactory@591f989e: files: [write.lock]
	at org.apache.lucene.index.SegmentInfos$FindSegmentsFile.run(SegmentInfos.java:680)
	at org.apache.lucene.index.StandardDirectoryReader.open(StandardDirectoryReader.java:77)
	at org.apache.lucene.index.DirectoryReader.open(DirectoryReader.java:63)
	at luceneIndex.Index.buildIndex(Index.java:123)
	at luceneIndex.Index.<init>(Index.java:59)
	at luceneIndex.Test.main(Test.java:7)
18.01.17 19:10:00 ERROR [l.Index                       ] 149 - <null -> Angela Merkael>
java.lang.NullPointerException
	at luceneIndex.Index.search(Index.java:141)
	at luceneIndex.Test.main(Test.java:9)
18.01.17 20:15:20 ERROR [l.Index                       ] 128 - <no segments* file found in MMapDirectory@/home/micha/git/qamel/queryCorrection/index lockFactory=org.apache.lucene.store.NativeFSLockFactory@591f989e: files: [write.lock]>
org.apache.lucene.index.IndexNotFoundException: no segments* file found in MMapDirectory@/home/micha/git/qamel/queryCorrection/index lockFactory=org.apache.lucene.store.NativeFSLockFactory@591f989e: files: [write.lock]
	at org.apache.lucene.index.SegmentInfos$FindSegmentsFile.run(SegmentInfos.java:680)
	at org.apache.lucene.index.StandardDirectoryReader.open(StandardDirectoryReader.java:77)
	at org.apache.lucene.index.DirectoryReader.open(DirectoryReader.java:63)
	at luceneIndex.Index.buildIndex(Index.java:124)
	at luceneIndex.Index.<init>(Index.java:59)
	at luceneIndex.Test.main(Test.java:7)
18.01.17 20:15:20 ERROR [l.Index                       ] 146 - <null -> Angela Merkael>
java.lang.NullPointerException
	at luceneIndex.Index.search(Index.java:138)
	at luceneIndex.Test.main(Test.java:9)
18.01.17 21:39:36 ERROR [l.Index                       ] 147 - <null -> Abert einstein>
java.lang.NullPointerException
	at luceneIndex.Index.search(Index.java:139)
	at luceneIndex.Test.main(Test.java:9)
18.01.17 21:39:51 ERROR [l.Index                       ] 147 - <null -> Abert einstein>
java.lang.NullPointerException
	at luceneIndex.Index.search(Index.java:139)
	at luceneIndex.Test.main(Test.java:9)
